c:\users\salihpkdmr\source\repos\project2\project2\x64\debug\vc143.pdb
c:\users\salihpkdmr\source\repos\project2\project2\x64\debug\vc143.idb
c:\users\salihpkdmr\source\repos\project2\project2\x64\debug\salo.obj
c:\users\salihpkdmr\source\repos\project2\project2\x64\debug\project2.ilk
c:\users\salihpkdmr\source\repos\project2\x64\debug\project2.pdb
c:\users\salihpkdmr\source\repos\project2\project2\x64\debug\project2.tlog\cl.command.1.tlog
c:\users\salihpkdmr\source\repos\project2\project2\x64\debug\project2.tlog\cl.items.tlog
c:\users\salihpkdmr\source\repos\project2\project2\x64\debug\project2.tlog\cl.read.1.tlog
c:\users\salihpkdmr\source\repos\project2\project2\x64\debug\project2.tlog\cl.write.1.tlog
c:\users\salihpkdmr\source\repos\project2\project2\x64\debug\project2.tlog\link-cvtres.read.1.tlog
c:\users\salihpkdmr\source\repos\project2\project2\x64\debug\project2.tlog\link-cvtres.write.1.tlog
c:\users\salihpkdmr\source\repos\project2\project2\x64\debug\project2.tlog\link-rc.read.1.tlog
c:\users\salihpkdmr\source\repos\project2\project2\x64\debug\project2.tlog\link-rc.write.1.tlog
c:\users\salihpkdmr\source\repos\project2\project2\x64\debug\project2.tlog\link.19148-cvtres.read.1.tlog
c:\users\salihpkdmr\source\repos\project2\project2\x64\debug\project2.tlog\link.19148-cvtres.write.1.tlog
c:\users\salihpkdmr\source\repos\project2\project2\x64\debug\project2.tlog\link.19148-rc.read.1.tlog
c:\users\salihpkdmr\source\repos\project2\project2\x64\debug\project2.tlog\link.19148-rc.write.1.tlog
c:\users\salihpkdmr\source\repos\project2\project2\x64\debug\project2.tlog\link.19148.read.1.tlog
c:\users\salihpkdmr\source\repos\project2\project2\x64\debug\project2.tlog\link.19148.read.2.tlog
c:\users\salihpkdmr\source\repos\project2\project2\x64\debug\project2.tlog\link.19148.read.3.tlog
c:\users\salihpkdmr\source\repos\project2\project2\x64\debug\project2.tlog\link.19148.read.4.tlog
c:\users\salihpkdmr\source\repos\project2\project2\x64\debug\project2.tlog\link.19148.write.1.tlog
c:\users\salihpkdmr\source\repos\project2\project2\x64\debug\project2.tlog\link.command.1.tlog
c:\users\salihpkdmr\source\repos\project2\project2\x64\debug\project2.tlog\link.read.1.tlog
c:\users\salihpkdmr\source\repos\project2\project2\x64\debug\project2.tlog\link.read.2.tlog
c:\users\salihpkdmr\source\repos\project2\project2\x64\debug\project2.tlog\link.read.3.tlog
c:\users\salihpkdmr\source\repos\project2\project2\x64\debug\project2.tlog\link.read.4.tlog
c:\users\salihpkdmr\source\repos\project2\project2\x64\debug\project2.tlog\link.secondary.1.tlog
c:\users\salihpkdmr\source\repos\project2\project2\x64\debug\project2.tlog\link.write.1.tlog
